<?xml version="1.0" encoding="utf-8"?><testsuites name="pytest tests"><testsuite name="pytest" errors="0" failures="0" skipped="0" tests="5" time="16.487" timestamp="2026-09-15T18:44:29.094805+00:00" hostname="agent-env-02fd2f56-bda2-4aa6-a1ae-753e8269d95d"><testcase classname="backend.tests.test_backend_api" name="test_health" time="0.166" /><testcase classname="backend.tests.test_backend_api" name="test_plan_structure" time="0.050" /><testcase classname="backend.tests.test_backend_api" name="test_scene_html" time="0.445" /><testcase classname="backend.tests.test_backend_api" name="test_mars_notfound" time="0.038" /><testcase classname="backend.tests.test_backend_api" name="test_regenerate" time="15.714" /></testsuite></testsuites>